<?xml version="1.0" encoding="UTF-8"?>
<!-- Generated by org.testng.reporters.JUnitReportReporter -->
<testsuite skipped="0" hostname="DESKTOP-DSOBDDG" name="TestSandipDummyMaven.ScenarioTest" tests="2" failures="0" timestamp="2021-04-30T15:16:46 IST" time="0.000" errors="0">
  <testcase name="test11" time="0.000" classname="TestSandipDummyMaven.ScenarioTest"/>
  <system-out/>
  <testcase name="test1" time="0.000" classname="TestSandipDummyMaven.ScenarioTest"/>
  <system-out/>
</testsuite> <!-- TestSandipDummyMaven.ScenarioTest -->
