<?xml version="1.0" encoding="UTF-8"?>
<!-- Generated by org.testng.reporters.JUnitReportReporter -->
<testsuite skipped="0" hostname="DESKTOP-DSOBDDG" name="TestSandipDummyMaven.Scenario2Test" tests="2" failures="0" timestamp="2021-04-30T15:16:46 IST" time="0.014" errors="0">
  <testcase name="test2" time="0.010" classname="TestSandipDummyMaven.Scenario2Test"/>
  <system-out/>
  <testcase name="test21" time="0.004" classname="TestSandipDummyMaven.Scenario2Test"/>
  <system-out/>
</testsuite> <!-- TestSandipDummyMaven.Scenario2Test -->
