<?xml version="1.0" encoding="UTF-8"?>
<!-- Generated by org.testng.reporters.JUnitReportReporter -->
<testsuite skipped="0" hostname="DESKTOP-DSOBDDG" name="TestSandipDummyMaven.AppTest" tests="1" failures="0" timestamp="2021-04-30T15:16:46 IST" time="0.031" errors="0">
  <testcase name="testApp" time="0.031" classname="TestSandipDummyMaven.AppTest"/>
  <system-out/>
</testsuite> <!-- TestSandipDummyMaven.AppTest -->
