<?xml version="1.0" encoding="UTF-8"?>
<!-- Generated by org.testng.reporters.JUnitReportReporter -->
<testsuite skipped="0" hostname="DESKTOP-DSOBDDG" name="TestSandipDummyMaven.InvokingBrowsers" tests="2" failures="0" timestamp="2021-05-16T11:51:25 IST" time="10.278" errors="0">
  <testcase name="test1" time="10.273" classname="TestSandipDummyMaven.InvokingBrowsers"/>
  <system-out/>
  <testcase name="test11" time="0.005" classname="TestSandipDummyMaven.InvokingBrowsers"/>
  <system-out/>
</testsuite> <!-- TestSandipDummyMaven.InvokingBrowsers -->
