<?xml version="1.0" encoding="UTF-8"?>
<!-- Generated by org.testng.reporters.JUnitReportReporter -->
<testsuite skipped="0" hostname="DESKTOP-DSOBDDG" name="TestSandipDummyMaven.GlobalAsset" tests="1" failures="0" timestamp="2021-05-16T12:33:00 IST" time="8.319" errors="0">
  <testcase name="invokebrowser" time="8.319" classname="TestSandipDummyMaven.GlobalAsset"/>
  <system-out/>
</testsuite> <!-- TestSandipDummyMaven.GlobalAsset -->
