<?xml version="1.0" encoding="UTF-8"?>
<!-- Generated by org.testng.reporters.JUnitReportReporter -->
<testsuite skipped="0" hostname="DESKTOP-DSOBDDG" name="TestSandipDummyMaven.Scenario2Test" tests="2" failures="0" timestamp="2021-04-30T21:12:49 IST" time="0.002" errors="0">
  <testcase name="test21" time="0.001" classname="TestSandipDummyMaven.Scenario2Test"/>
  <system-out/>
  <testcase name="test2" time="0.001" classname="TestSandipDummyMaven.Scenario2Test"/>
  <system-out/>
</testsuite> <!-- TestSandipDummyMaven.Scenario2Test -->
